C:\Users\superman\Desktop\SpaceInvaders\SpaceInvaders\implementation\system.ngc 1474671282
C:/Users/superman/Desktop/SpaceInvaders/SpaceInvaders/implementation/rs232_uart_1_wrapper.ngc 1474671244
C:/Users/superman/Desktop/SpaceInvaders/SpaceInvaders/implementation/proc_sys_reset_0_wrapper.ngc 1474671244
C:/Users/superman/Desktop/SpaceInvaders/SpaceInvaders/implementation/clock_generator_0_wrapper.ngc 1474671261
C:/Users/superman/Desktop/SpaceInvaders/SpaceInvaders/implementation/axi_hdmi_0_wrapper.ngc 1474671244
C:/Users/superman/Desktop/SpaceInvaders/SpaceInvaders/implementation/axi_ac97_0_wrapper.ngc 1474671257
C:/Users/superman/Desktop/SpaceInvaders/SpaceInvaders/implementation/microblaze_0_ilmb_wrapper.ngc 1474671244
C:/Users/superman/Desktop/SpaceInvaders/SpaceInvaders/implementation/microblaze_0_dlmb_wrapper.ngc 1474671244
C:/Users/superman/Desktop/SpaceInvaders/SpaceInvaders/implementation/mcb_ddr2_wrapper.ngc 1474671244
C:/Users/superman/Desktop/SpaceInvaders/SpaceInvaders/implementation/axi4lite_0_wrapper.ngc 1474671244
C:/Users/superman/Desktop/SpaceInvaders/SpaceInvaders/implementation/axi4_0_wrapper.ngc 1474671244
C:/Users/superman/Desktop/SpaceInvaders/SpaceInvaders/implementation/microblaze_0_wrapper.ngc 1474671244
C:/Users/superman/Desktop/SpaceInvaders/SpaceInvaders/implementation/axi_vdma_0_wrapper.ngc 1474671244
C:/Users/superman/Desktop/SpaceInvaders/SpaceInvaders/implementation/microblaze_0_i_bram_ctrl_wrapper.ngc 1474671244
C:/Users/superman/Desktop/SpaceInvaders/SpaceInvaders/implementation/microblaze_0_d_bram_ctrl_wrapper.ngc 1474671244
C:/Users/superman/Desktop/SpaceInvaders/SpaceInvaders/implementation/debug_module_wrapper.ngc 1474671244
C:/Users/superman/Desktop/SpaceInvaders/SpaceInvaders/implementation/digilent_quadspi_cntlr_wrapper.ngc 1474671244
C:/Users/superman/Desktop/SpaceInvaders/SpaceInvaders/implementation/axi_intc_0_wrapper.ngc 1474671244
C:/Users/superman/Desktop/SpaceInvaders/SpaceInvaders/implementation/axi_timer_0_wrapper.ngc 1474671244
C:/Users/superman/Desktop/SpaceInvaders/SpaceInvaders/implementation/microblaze_0_bram_block_wrapper.ngc 1474671244
OK
